Arguments: 
  /Users/kennethrimple/.nvm/versions/node/v9.5.0/bin/node /Users/kennethrimple/.nvm/versions/node/v9.5.0/bin/yarn postinstall:yoga

PATH: 
  /Users/kennethrimple/.rvm/gems/ruby-2.4.0/bin:/Users/kennethrimple/.rvm/gems/ruby-2.4.0@global/bin:/Users/kennethrimple/.rvm/rubies/ruby-2.4.0/bin:/Users/kennethrimple/.sdkman/candidates/vertx/current/bin:/Users/kennethrimple/.sdkman/candidates/springboot/current/bin:/Users/kennethrimple/.sdkman/candidates/spark/current/bin:/Users/kennethrimple/.sdkman/candidates/scala/current/bin:/Users/kennethrimple/.sdkman/candidates/sbt/current/bin:/Users/kennethrimple/.sdkman/candidates/maven/current/bin:/Users/kennethrimple/.sdkman/candidates/leiningen/current/bin:/Users/kennethrimple/.sdkman/candidates/lazybones/current/bin:/Users/kennethrimple/.sdkman/candidates/jbake/current/bin:/Users/kennethrimple/.sdkman/candidates/groovyserv/current/bin:/Users/kennethrimple/.sdkman/candidates/groovy/current/bin:/Users/kennethrimple/.sdkman/candidates/grails/current/bin:/Users/kennethrimple/.nvm/versions/node/v9.5.0/bin:/Users/kennethrimple/miniconda3/bin:/Users/kennethrimple/.cargo/bin:/usr/local/bin:/usr/bin:/bin:/usr/sbin:/sbin:/Library/TeX/texbin:/Users/kennethrimple/.rvm/bin:/Applications/Racket v6.10/bin:/Applications/Visual\ Studio\ Code.app/Contents/Resources/app/bin

Yarn version: 
  1.5.1

Node version: 
  9.5.0

Platform: 
  darwin x64

npm manifest: 
  {
    "name": "fooberry-graphql-and-clients",
    "version": "1.0.0",
    "description": "This is a GraphQL-powered client-and-server approach to the Fooberry app.  Currently iterating on the server using graphql-yoga and the client using vue and graphql-link-ws.",
    "main": "index.js",
    "scripts": {
      "start": "concurrently \"npm run vueclient\" \"npm run yogaserver\"",
      "vueclient": "cd clients/fooberry-vue-2 && yarn start",
      "yogaserver": "cd server && yarn start",
      "postinstall": "yarn postinstall:yoga && yarn postinstall:vue2",
      "postinstall:yoga": "cd server && yarn install",
      "postinstall:vue2": "cd clients/fooberry-vue-2 && yarn install"
    },
    "repository": {
      "type": "git",
      "url": "git+https://github.com/krimple/fooberry-graphql-and-clients.git"
    },
    "keywords": [],
    "author": "",
    "license": "ISC",
    "bugs": {
      "url": "https://github.com/krimple/fooberry-graphql-and-clients/issues"
    },
    "homepage": "https://github.com/krimple/fooberry-graphql-and-clients#readme",
    "devDependencies": {
      "concurrently": "^3.5.1"
    }
  }

yarn manifest: 
  No manifest

Lockfile: 
  # THIS IS AN AUTOGENERATED FILE. DO NOT EDIT THIS FILE DIRECTLY.
  # yarn lockfile v1
  
  
  ansi-regex@^0.2.0, ansi-regex@^0.2.1:
    version "0.2.1"
    resolved "https://registry.yarnpkg.com/ansi-regex/-/ansi-regex-0.2.1.tgz#0d8e946967a3d8143f93e24e298525fc1b2235f9"
  
  ansi-styles@^1.1.0:
    version "1.1.0"
    resolved "https://registry.yarnpkg.com/ansi-styles/-/ansi-styles-1.1.0.tgz#eaecbf66cd706882760b2f4691582b8f55d7a7de"
  
  chalk@0.5.1:
    version "0.5.1"
    resolved "https://registry.yarnpkg.com/chalk/-/chalk-0.5.1.tgz#663b3a648b68b55d04690d49167aa837858f2174"
    dependencies:
      ansi-styles "^1.1.0"
      escape-string-regexp "^1.0.0"
      has-ansi "^0.1.0"
      strip-ansi "^0.3.0"
      supports-color "^0.2.0"
  
  commander@2.6.0:
    version "2.6.0"
    resolved "https://registry.yarnpkg.com/commander/-/commander-2.6.0.tgz#9df7e52fb2a0cb0fb89058ee80c3104225f37e1d"
  
  concurrently@^3.5.1:
    version "3.5.1"
    resolved "https://registry.yarnpkg.com/concurrently/-/concurrently-3.5.1.tgz#ee8b60018bbe86b02df13e5249453c6ececd2521"
    dependencies:
      chalk "0.5.1"
      commander "2.6.0"
      date-fns "^1.23.0"
      lodash "^4.5.1"
      rx "2.3.24"
      spawn-command "^0.0.2-1"
      supports-color "^3.2.3"
      tree-kill "^1.1.0"
  
  date-fns@^1.23.0:
    version "1.29.0"
    resolved "https://registry.yarnpkg.com/date-fns/-/date-fns-1.29.0.tgz#12e609cdcb935127311d04d33334e2960a2a54e6"
  
  escape-string-regexp@^1.0.0:
    version "1.0.5"
    resolved "https://registry.yarnpkg.com/escape-string-regexp/-/escape-string-regexp-1.0.5.tgz#1b61c0562190a8dff6ae3bb2cf0200ca130b86d4"
  
  has-ansi@^0.1.0:
    version "0.1.0"
    resolved "https://registry.yarnpkg.com/has-ansi/-/has-ansi-0.1.0.tgz#84f265aae8c0e6a88a12d7022894b7568894c62e"
    dependencies:
      ansi-regex "^0.2.0"
  
  has-flag@^1.0.0:
    version "1.0.0"
    resolved "https://registry.yarnpkg.com/has-flag/-/has-flag-1.0.0.tgz#9d9e793165ce017a00f00418c43f942a7b1d11fa"
  
  lodash@^4.5.1:
    version "4.17.5"
    resolved "https://registry.yarnpkg.com/lodash/-/lodash-4.17.5.tgz#99a92d65c0272debe8c96b6057bc8fbfa3bed511"
  
  rx@2.3.24:
    version "2.3.24"
    resolved "https://registry.yarnpkg.com/rx/-/rx-2.3.24.tgz#14f950a4217d7e35daa71bbcbe58eff68ea4b2b7"
  
  spawn-command@^0.0.2-1:
    version "0.0.2-1"
    resolved "https://registry.yarnpkg.com/spawn-command/-/spawn-command-0.0.2-1.tgz#62f5e9466981c1b796dc5929937e11c9c6921bd0"
  
  strip-ansi@^0.3.0:
    version "0.3.0"
    resolved "https://registry.yarnpkg.com/strip-ansi/-/strip-ansi-0.3.0.tgz#25f48ea22ca79187f3174a4db8759347bb126220"
    dependencies:
      ansi-regex "^0.2.1"
  
  supports-color@^0.2.0:
    version "0.2.0"
    resolved "https://registry.yarnpkg.com/supports-color/-/supports-color-0.2.0.tgz#d92de2694eb3f67323973d7ae3d8b55b4c22190a"
  
  supports-color@^3.2.3:
    version "3.2.3"
    resolved "https://registry.yarnpkg.com/supports-color/-/supports-color-3.2.3.tgz#65ac0504b3954171d8a64946b2ae3cbb8a5f54f6"
    dependencies:
      has-flag "^1.0.0"
  
  tree-kill@^1.1.0:
    version "1.2.0"
    resolved "https://registry.yarnpkg.com/tree-kill/-/tree-kill-1.2.0.tgz#5846786237b4239014f05db156b643212d4c6f36"

Trace: 
  Error: Command failed.
  Exit code: 1
  Command: sh
  Arguments: -c cd server && yarn install
  Directory: /Users/kennethrimple/Projects/fooberry-graphql-and-clients
  Output:
  
      at ProcessTermError.MessageError (/Users/kennethrimple/.nvm/versions/node/v9.5.0/lib/node_modules/yarn/lib/cli.js:186:110)
      at new ProcessTermError (/Users/kennethrimple/.nvm/versions/node/v9.5.0/lib/node_modules/yarn/lib/cli.js:226:113)
      at ChildProcess.<anonymous> (/Users/kennethrimple/.nvm/versions/node/v9.5.0/lib/node_modules/yarn/lib/cli.js:30281:17)
      at ChildProcess.emit (events.js:160:13)
      at maybeClose (internal/child_process.js:943:16)
      at Process.ChildProcess._handle.onexit (internal/child_process.js:220:5)
